2023-06-15 22:17:31,294 : INFO :  Test_Url_Login : test_Url_001:  Opening Browser 
2023-06-15 22:17:40,654 : INFO :  Test_Url_Login : test_Url_001:  test_Url_001 is Passed 
2023-06-15 22:18:52,564 : INFO :  Test_Url_Login : test_Url_001:  Opening Browser 
2023-06-15 22:18:56,929 : INFO :  Test_Url_Login : test_Url_001:  test_Url_001 is Passed 
2023-06-15 22:19:00,673 : INFO :  Test_Url_Login : test_Url_001:  test_Url_001 is completed 
2023-06-15 22:20:06,277 : INFO :  Test_Url_Login : test_Url_001:  Opening Browser 
2023-06-15 22:20:11,139 : INFO :  Test_Url_Login : test_Url_001:  test_Url_001 is Passed 
2023-06-15 22:20:17,310 : INFO :  Test_Url_Login : test_Url_001:  test_Url_001 is completed 
2023-06-15 22:21:26,917 : INFO :  Test_Url_Login : test_Url_001:  Opening Browser 
2023-06-15 22:21:32,649 : INFO :  Test_Url_Login : test_Url_001:  test_Url_001 is Passed 
2023-06-15 22:21:37,121 : INFO :  Test_Url_Login : test_Url_001:  test_Url_001 is completed 
2023-06-15 22:26:24,880 : INFO :  Test_Url_Login : test_Url_001:  Opening Browser 
2023-06-15 22:26:30,772 : INFO :  Test_Url_Login : test_Url_001:  test_Url_001 is Passed 
2023-06-15 22:26:35,315 : INFO :  Test_Url_Login : test_Url_001:  test_Url_001 is completed 
2023-06-15 22:32:33,675 : INFO :  Test_Url_Login : test_Url_001:  Opening Browser 
2023-06-15 22:32:39,199 : INFO :  Test_Url_Login : test_Url_001:  test_Url_001 is Passed 
2023-06-15 22:32:43,230 : INFO :  Test_Url_Login : test_Url_001:  test_Url_001 is completed 
2023-06-15 22:37:32,747 : INFO :  Test_Url_Login : test_Url_001:  Opening Browser 
2023-06-15 22:37:37,900 : INFO :  Test_Url_Login : test_Url_001:  test_Url_001 is Passed 
2023-06-15 22:37:41,766 : INFO :  Test_Url_Login : test_Url_001:  test_Url_001 is completed 
2023-06-15 22:45:28,898 : INFO :  Test_Url_Login : test_Url_001: info
2023-06-15 22:45:28,900 : WARNING :  Test_Url_Login : test_Url_001: warning
2023-06-15 22:45:28,900 : ERROR :  Test_Url_Login : test_Url_001: error
2023-06-15 22:45:28,900 : CRITICAL :  Test_Url_Login : test_Url_001: debug
2023-06-15 22:45:28,900 : INFO :  Test_Url_Login : test_Url_001:  Opening Browser 
2023-06-15 22:45:34,786 : INFO :  Test_Url_Login : test_Url_001:  test_Url_001 is Passed 
2023-06-15 22:45:39,190 : INFO :  Test_Url_Login : test_Url_001:  test_Url_001 is completed 
2023-06-15 22:50:07,167 : INFO :  Test_Url_Login : test_Url_001: info
2023-06-15 22:50:07,168 : WARNING :  Test_Url_Login : test_Url_001: warning
2023-06-15 22:50:07,168 : ERROR :  Test_Url_Login : test_Url_001: error
2023-06-15 22:50:07,168 : CRITICAL :  Test_Url_Login : test_Url_001: debug
2023-06-15 22:50:07,168 : INFO :  Test_Url_Login : test_Url_001:  Opening Browser 
2023-06-15 22:50:13,224 : INFO :  Test_Url_Login : test_Url_001:  test_Url_001 is Passed 
2023-06-15 22:50:17,885 : INFO :  Test_Url_Login : test_Url_001:  test_Url_001 is completed 
2023-06-16 00:16:29,489 : INFO :  Test_Url_Login : test_Url_001: info
2023-06-16 00:16:29,491 : WARNING :  Test_Url_Login : test_Url_001: warning
2023-06-16 00:16:29,492 : ERROR :  Test_Url_Login : test_Url_001: error
2023-06-16 00:16:29,492 : CRITICAL :  Test_Url_Login : test_Url_001: debug
2023-06-16 00:16:29,492 : INFO :  Test_Url_Login : test_Url_001:  Opening Browser 
2023-06-16 00:16:34,982 : INFO :  Test_Url_Login : test_Url_001:  test_Url_001 is Passed 
2023-06-16 00:16:40,391 : INFO :  Test_Url_Login : test_Url_001:  test_Url_001 is completed 
2023-06-16 00:50:29,967 : INFO :  Test_Url_Login : test_Url_001: info
2023-06-16 00:50:29,967 : WARNING :  Test_Url_Login : test_Url_001: warning
2023-06-16 00:50:29,971 : ERROR :  Test_Url_Login : test_Url_001: error
2023-06-16 00:50:29,971 : CRITICAL :  Test_Url_Login : test_Url_001: debug
2023-06-16 00:50:29,971 : INFO :  Test_Url_Login : test_Url_001:  Opening Browser 
2023-06-16 00:50:30,973 : INFO :  Test_Url_Login : test_Url_001:  Going to Url
2023-06-16 00:50:31,168 : INFO :  Test_Url_Login : test_Url_001: Enter_UserNamervshinde007@gmail.com
2023-06-16 00:50:31,249 : INFO :  Test_Url_Login : test_Url_001: Enter_Password007@Ravishinde
2023-06-16 00:50:31,348 : INFO :  Test_Url_Login : test_Url_001: Click on login Button
2023-06-16 00:50:34,462 : INFO :  Test_Url_Login : test_Url_001:  test_Url_001 is Passed 
2023-06-16 00:50:35,711 : INFO :  Test_Url_Login : test_Url_001:  Click on menu button 
2023-06-16 00:50:39,435 : INFO :  Test_Url_Login : test_Url_001:  Click on Logout button 
2023-06-16 00:50:39,551 : INFO :  Test_Url_Login : test_Url_001:  test_Url_001 is completed 
2023-06-16 00:51:19,177 : INFO :  Test_Url_Login : test_Url_001: info
2023-06-16 00:51:19,177 : WARNING :  Test_Url_Login : test_Url_001: warning
2023-06-16 00:51:19,178 : ERROR :  Test_Url_Login : test_Url_001: error
2023-06-16 00:51:19,178 : CRITICAL :  Test_Url_Login : test_Url_001: debug
2023-06-16 00:51:19,178 : INFO :  Test_Url_Login : test_Url_001:  Opening Browser 
2023-06-16 00:51:20,179 : INFO :  Test_Url_Login : test_Url_001:  Going to Url
2023-06-16 00:51:20,363 : INFO :  Test_Url_Login : test_Url_001: Enter_UserNamervshinde007@gmail.com
2023-06-16 00:51:20,425 : INFO :  Test_Url_Login : test_Url_001: Enter_Password007@Ravishinde
2023-06-16 00:51:20,481 : INFO :  Test_Url_Login : test_Url_001: Click on login Button
2023-06-16 00:51:23,766 : INFO :  Test_Url_Login : test_Url_001:  test_Url_001 is Passed 
2023-06-16 00:51:25,011 : INFO :  Test_Url_Login : test_Url_001:  Click on menu button 
2023-06-16 00:51:28,803 : INFO :  Test_Url_Login : test_Url_001:  Click on Logout button 
2023-06-16 00:51:28,911 : INFO :  Test_Url_Login : test_Url_001:  test_Url_001 is completed 
2023-06-16 01:01:23,704 : INFO :  Test_Url_Login : test_Url_001: info
2023-06-16 01:01:23,706 : WARNING :  Test_Url_Login : test_Url_001: warning
2023-06-16 01:01:23,706 : ERROR :  Test_Url_Login : test_Url_001: error
2023-06-16 01:01:23,706 : CRITICAL :  Test_Url_Login : test_Url_001: debug
2023-06-16 01:01:23,706 : INFO :  Test_Url_Login : test_Url_001:  Opening Browser 
2023-06-16 01:01:24,707 : INFO :  Test_Url_Login : test_Url_001:  Going to Url
2023-06-16 01:01:24,885 : INFO :  Test_Url_Login : test_Url_001: Enter_UserNamervshinde007@gmail.com
2023-06-16 01:01:24,960 : INFO :  Test_Url_Login : test_Url_001: Enter_Password007@Ravishinde
2023-06-16 01:01:25,051 : INFO :  Test_Url_Login : test_Url_001: Click on login Button
2023-06-16 01:01:27,252 : INFO :  Test_Url_Login : test_Url_001:  test_Url_001 is Passed 
2023-06-16 01:01:28,461 : INFO :  Test_Url_Login : test_Url_001:  Click on menu button 
2023-06-16 01:01:32,238 : INFO :  Test_Url_Login : test_Url_001:  Click on Logout button 
2023-06-16 01:01:32,347 : INFO :  Test_Url_Login : test_Url_001:  test_Url_001 is completed 
2023-06-16 01:02:50,867 : INFO :  Test_Url_Login : test_Url_001:  Opening Browser 
2023-06-16 01:02:51,868 : INFO :  Test_Url_Login : test_Url_001:  Going to Url
2023-06-16 01:02:51,997 : INFO :  Test_Url_Login : test_Url_001: Enter_UserNamervshinde007@gmail.com
2023-06-16 01:02:52,066 : INFO :  Test_Url_Login : test_Url_001: Enter_Password007@Ravishinde
2023-06-16 01:02:52,133 : INFO :  Test_Url_Login : test_Url_001: Click on login Button
2023-06-16 01:02:54,312 : INFO :  Test_Url_Login : test_Url_001:  test_Url_001 is Passed 
2023-06-16 01:02:55,544 : INFO :  Test_Url_Login : test_Url_001:  Click on menu button 
2023-06-16 01:03:00,079 : INFO :  Test_Url_Login : test_Url_001:  Click on Logout button 
2023-06-16 01:03:00,183 : INFO :  Test_Url_Login : test_Url_001:  test_Url_001 is completed 
2023-06-16 01:05:01,981 : INFO :  Test_Url_Login : test_Url_001:  Opening Browser 
2023-06-16 01:05:02,982 : INFO :  Test_Url_Login : test_Url_001:  Going to Url
2023-06-16 01:05:03,185 : INFO :  Test_Url_Login : test_Url_001: Enter_UserNamervshinde007@gmail.com
2023-06-16 01:05:03,251 : INFO :  Test_Url_Login : test_Url_001: Enter_Password007@Ravishinde
2023-06-16 01:05:03,318 : INFO :  Test_Url_Login : test_Url_001: Click on login Button
2023-06-16 01:05:06,676 : INFO :  Test_Url_Login : test_Url_001:  test_Url_001 is Passed 
2023-06-16 01:05:07,937 : INFO :  Test_Url_Login : test_Url_001:  Click on menu button 
2023-06-16 01:05:11,992 : INFO :  Test_Url_Login : test_Url_001:  Click on Logout button 
2023-06-16 01:05:12,108 : INFO :  Test_Url_Login : test_Url_001:  test_Url_001 is completed 
2023-06-16 01:05:41,585 : INFO :  Test_Url_Login : test_Url_001:  Opening Browser 
2023-06-16 01:05:42,588 : INFO :  Test_Url_Login : test_Url_001:  Going to Url
2023-06-16 01:05:42,806 : INFO :  Test_Url_Login : test_Url_001: Enter_UserNamervshinde007@gmail.com
2023-06-16 01:05:42,868 : INFO :  Test_Url_Login : test_Url_001: Enter_Password007@Ravishinde
2023-06-16 01:05:42,925 : INFO :  Test_Url_Login : test_Url_001: Click on login Button
2023-06-16 01:05:45,961 : INFO :  Test_Url_Login : test_Url_001:  test_Url_001 is Passed 
2023-06-16 01:05:47,206 : INFO :  Test_Url_Login : test_Url_001:  Click on menu button 
2023-06-16 01:05:51,018 : INFO :  Test_Url_Login : test_Url_001:  Click on Logout button 
2023-06-16 01:05:51,127 : INFO :  Test_Url_Login : test_Url_001:  test_Url_001 is completed 
2023-06-16 01:46:16,162 : INFO :  Test_Url_Login : test_Url_001:  Opening Browser 
2023-06-16 01:46:22,076 : INFO :  Test_Url_Login : test_Url_001:  Going to Url
2023-06-16 01:46:22,235 : INFO :  Test_Url_Login : test_Url_001: Enter_UserNamervshinde007@gmail.com
2023-06-16 01:46:22,367 : INFO :  Test_Url_Login : test_Url_001: Enter_Password007@Ravishinde
2023-06-16 01:46:22,466 : INFO :  Test_Url_Login : test_Url_001: Click on login Button
2023-06-16 01:46:24,936 : INFO :  Test_Url_Login : test_Url_001:  test_Url_001 is Passed 
2023-06-16 01:46:26,124 : INFO :  Test_Url_Login : test_Url_001:  Click on menu button 
2023-06-16 01:46:29,772 : INFO :  Test_Url_Login : test_Url_001:  Click on Logout button 
2023-06-16 01:46:29,801 : INFO :  Test_Url_Login : test_Url_001:  test_Url_001 is completed 
2023-06-16 01:51:05,130 : INFO :  Test_Url_Login : test_Url_001:  Opening Browser 
2023-06-16 01:51:10,369 : INFO :  Test_Url_Login : test_Url_001:  Going to Url
2023-06-16 01:51:10,580 : INFO :  Test_Url_Login : test_Url_001: Enter_UserNamervshinde007@gmail.com
2023-06-16 01:51:10,642 : INFO :  Test_Url_Login : test_Url_001: Enter_Password007@Ravishinde
2023-06-16 01:51:10,697 : INFO :  Test_Url_Login : test_Url_001: Click on login Button
2023-06-16 01:51:13,897 : INFO :  Test_Url_Login : test_Url_001:  test_Url_001 is Passed 
2023-06-16 01:51:15,117 : INFO :  Test_Url_Login : test_Url_001:  Click on menu button 
2023-06-16 01:51:19,097 : INFO :  Test_Url_Login : test_Url_001:  Click on Logout button 
2023-06-16 01:51:19,210 : INFO :  Test_Url_Login : test_Url_001:  test_Url_001 is completed 
2023-06-16 01:52:26,899 : INFO :  Test_Url_Login : test_Url_001:  Opening Browser 
2023-06-16 01:52:31,753 : INFO :  Test_Url_Login : test_Url_001:  Going to Url
2023-06-16 01:52:31,907 : INFO :  Test_Url_Login : test_Url_001: Enter_UserNamervshinde007@gmail.com
2023-06-16 01:52:32,027 : INFO :  Test_Url_Login : test_Url_001: Enter_Password007@Ravishinde
2023-06-16 01:52:32,126 : INFO :  Test_Url_Login : test_Url_001: Click on login Button
2023-06-16 01:52:34,446 : INFO :  Test_Url_Login : test_Url_001:  test_Url_001 is Passed 
2023-06-16 01:52:35,602 : INFO :  Test_Url_Login : test_Url_001:  Click on menu button 
2023-06-16 01:52:39,224 : INFO :  Test_Url_Login : test_Url_001:  Click on Logout button 
2023-06-16 01:52:39,258 : INFO :  Test_Url_Login : test_Url_001:  test_Url_001 is completed 
2023-06-16 01:53:21,261 : INFO :  Test_Url_Login : test_Url_001:  Opening Browser 
2023-06-16 01:53:27,276 : INFO :  Test_Url_Login : test_Url_001:  Going to Url
2023-06-16 01:53:27,496 : INFO :  Test_Url_Login : test_Url_001: Enter_UserNamervshinde007@gmail.com
2023-06-16 01:53:27,558 : INFO :  Test_Url_Login : test_Url_001: Enter_Password007@Ravishinde
2023-06-16 01:53:27,630 : INFO :  Test_Url_Login : test_Url_001: Click on login Button
2023-06-16 01:53:30,780 : INFO :  Test_Url_Login : test_Url_001:  test_Url_001 is Passed 
2023-06-16 01:53:32,040 : INFO :  Test_Url_Login : test_Url_001:  Click on menu button 
2023-06-16 01:53:36,224 : INFO :  Test_Url_Login : test_Url_001:  Click on Logout button 
2023-06-16 01:53:36,331 : INFO :  Test_Url_Login : test_Url_001:  test_Url_001 is completed 
2023-06-16 20:39:33,985 : INFO :  Test_Url_Login : test_Url_001:  Opening Browser 
2023-06-16 20:39:38,745 : INFO :  Test_Url_Login : test_Url_001:  Going to Url
2023-06-16 20:39:38,841 : INFO :  Test_Url_Login : test_Url_001: Enter_UserNamervshinde007@gmail.com
2023-06-16 20:39:38,897 : INFO :  Test_Url_Login : test_Url_001: Enter_Password007@Ravishinde
2023-06-16 20:39:38,948 : INFO :  Test_Url_Login : test_Url_001: Click on login Button
2023-06-16 20:39:41,481 : INFO :  Test_Url_Login : test_Url_001:  test_Url_001 is Passed 
2023-06-16 20:39:42,583 : INFO :  Test_Url_Login : test_Url_001:  Click on menu button 
2023-06-16 20:39:46,516 : INFO :  Test_Url_Login : test_Url_001:  Click on Logout button 
2023-06-16 20:39:46,534 : INFO :  Test_Url_Login : test_Url_001:  test_Url_001 is completed 
2023-06-16 20:45:48,961 : INFO :  Test_Login_Params : test_login_params_002:  Opening Browser 
2023-06-16 20:45:55,158 : INFO :  Test_Login_Params : test_login_params_002:  Going to Url
2023-06-16 20:45:55,248 : INFO :  Test_Login_Params : test_login_params_002: Enter_UserNamervshinde007@gmail.com
2023-06-16 20:45:55,307 : INFO :  Test_Login_Params : test_login_params_002: Enter_Password007@Ravishinde
2023-06-16 20:45:55,358 : INFO :  Test_Login_Params : test_login_params_002: Click on login Button
2023-06-16 20:45:57,998 : INFO :  Test_Login_Params : test_login_params_002:  test_Url_001 is Passed 
2023-06-16 20:45:59,117 : INFO :  Test_Login_Params : test_login_params_002:  Click on menu button 
2023-06-16 20:46:03,321 : INFO :  Test_Login_Params : test_login_params_002:  Click on Logout button 
2023-06-16 20:46:03,339 : INFO :  Test_Login_Params : test_login_params_002:  test_Url_001 is completed 
2023-06-16 20:46:06,477 : INFO :  Test_Login_Params : test_login_params_002:  Opening Browser 
2023-06-16 20:46:14,470 : INFO :  Test_Login_Params : test_login_params_002:  Going to Url
2023-06-16 20:46:14,548 : INFO :  Test_Login_Params : test_login_params_002: Enter_UserNamervshinde009@gmail.com
2023-06-16 20:46:14,601 : INFO :  Test_Login_Params : test_login_params_002: Enter_Password007@Ravishinde
2023-06-16 20:46:14,647 : INFO :  Test_Login_Params : test_login_params_002: Click on login Button
2023-06-16 20:46:16,730 : INFO :  Test_Login_Params : test_login_params_002:  test_Url_001 is Failed 
2023-06-16 20:46:17,873 : INFO :  Test_Login_Params : test_login_params_002:  Opening Browser 
2023-06-16 20:46:24,002 : INFO :  Test_Login_Params : test_login_params_002:  Going to Url
2023-06-16 20:46:24,090 : INFO :  Test_Login_Params : test_login_params_002: Enter_UserNamervshinde007@gmail.com
2023-06-16 20:46:24,146 : INFO :  Test_Login_Params : test_login_params_002: Enter_Password@Ravishinde
2023-06-16 20:46:24,212 : INFO :  Test_Login_Params : test_login_params_002: Click on login Button
2023-06-16 20:46:26,320 : INFO :  Test_Login_Params : test_login_params_002:  test_Url_001 is Failed 
2023-06-16 20:46:27,521 : INFO :  Test_Login_Params : test_login_params_002:  Opening Browser 
2023-06-16 20:46:35,551 : INFO :  Test_Login_Params : test_login_params_002:  Going to Url
2023-06-16 20:46:35,633 : INFO :  Test_Login_Params : test_login_params_002: Enter_UserNamervshinde001@gmail.com
2023-06-16 20:46:35,687 : INFO :  Test_Login_Params : test_login_params_002: Enter_Password006@Ravishinde
2023-06-16 20:46:35,735 : INFO :  Test_Login_Params : test_login_params_002: Click on login Button
2023-06-16 20:46:37,800 : INFO :  Test_Login_Params : test_login_params_002:  test_Url_001 is Failed 
2023-06-16 20:49:38,407 : INFO :  Test_Login_Params : test_login_params_002:  Opening Browser 
2023-06-16 20:49:44,432 : INFO :  Test_Login_Params : test_login_params_002:  Going to Url
2023-06-16 20:49:44,528 : INFO :  Test_Login_Params : test_login_params_002: Enter_UserNamervshinde007@gmail.com
2023-06-16 20:49:44,581 : INFO :  Test_Login_Params : test_login_params_002: Enter_Password007@Ravishinde
2023-06-16 20:49:44,629 : INFO :  Test_Login_Params : test_login_params_002: Click on login Button
2023-06-16 20:49:47,210 : INFO :  Test_Login_Params : test_login_params_002:  test_Url_001 is Passed 
2023-06-16 20:49:48,343 : INFO :  Test_Login_Params : test_login_params_002:  Click on menu button 
2023-06-16 20:49:51,934 : INFO :  Test_Login_Params : test_login_params_002:  Click on Logout button 
2023-06-16 20:49:51,964 : INFO :  Test_Login_Params : test_login_params_002:  test_Url_001 is completed 
2023-06-16 20:49:55,116 : INFO :  Test_Login_Params : test_login_params_002:  Opening Browser 
2023-06-16 20:49:59,864 : INFO :  Test_Login_Params : test_login_params_002:  Going to Url
2023-06-16 20:49:59,949 : INFO :  Test_Login_Params : test_login_params_002: Enter_UserNamervshinde009@gmail.com
2023-06-16 20:50:00,005 : INFO :  Test_Login_Params : test_login_params_002: Enter_Password007@Ravishinde
2023-06-16 20:50:00,056 : INFO :  Test_Login_Params : test_login_params_002: Click on login Button
2023-06-16 20:50:02,143 : INFO :  Test_Login_Params : test_login_params_002:  test_Url_001 is Failed 
2023-06-16 20:50:03,349 : INFO :  Test_Login_Params : test_login_params_002:  Opening Browser 
2023-06-16 20:50:08,304 : INFO :  Test_Login_Params : test_login_params_002:  Going to Url
2023-06-16 20:50:08,398 : INFO :  Test_Login_Params : test_login_params_002: Enter_UserNamervshinde007@gmail.com
2023-06-16 20:50:08,454 : INFO :  Test_Login_Params : test_login_params_002: Enter_Password@Ravishinde
2023-06-16 20:50:08,509 : INFO :  Test_Login_Params : test_login_params_002: Click on login Button
2023-06-16 20:50:10,592 : INFO :  Test_Login_Params : test_login_params_002:  test_Url_001 is Failed 
2023-06-16 20:50:11,747 : INFO :  Test_Login_Params : test_login_params_002:  Opening Browser 
2023-06-16 20:50:16,363 : INFO :  Test_Login_Params : test_login_params_002:  Going to Url
2023-06-16 20:50:16,438 : INFO :  Test_Login_Params : test_login_params_002: Enter_UserNamervshinde001@gmail.com
2023-06-16 20:50:16,496 : INFO :  Test_Login_Params : test_login_params_002: Enter_Password006@Ravishinde
2023-06-16 20:50:16,542 : INFO :  Test_Login_Params : test_login_params_002: Click on login Button
2023-06-16 20:50:18,625 : INFO :  Test_Login_Params : test_login_params_002:  test_Url_001 is Failed 
2023-06-16 21:21:41,941 : INFO :  Test_Login_Params : test_login_params_002:  Opening Browser 
2023-06-16 21:21:48,360 : INFO :  Test_Login_Params : test_login_params_002:  Going to Url
2023-06-16 21:21:48,454 : INFO :  Test_Login_Params : test_login_params_002: Enter_UserNamervshinde007@gmail.com
2023-06-16 21:21:48,510 : INFO :  Test_Login_Params : test_login_params_002: Enter_Password007@Ravishinde
2023-06-16 21:21:48,559 : INFO :  Test_Login_Params : test_login_params_002: Click on login Button
2023-06-16 21:21:52,029 : INFO :  Test_Login_Params : test_login_params_002:  Click on menu button 
2023-06-16 21:21:55,494 : INFO :  Test_Login_Params : test_login_params_002:  Click on Logout button 
2023-06-16 21:21:55,494 : INFO :  Test_Login_Params : test_login_params_002:  test_login_params_002 is Passed 
2023-06-16 21:21:55,513 : INFO :  Test_Login_Params : test_login_params_002:  test_login_params_002 is completed 
2023-06-16 21:21:58,688 : INFO :  Test_Login_Params : test_login_params_002:  Opening Browser 
2023-06-16 21:22:05,902 : INFO :  Test_Login_Params : test_login_params_002:  Going to Url
2023-06-16 21:22:05,999 : INFO :  Test_Login_Params : test_login_params_002: Enter_UserNamervshinde009@gmail.com
2023-06-16 21:22:06,052 : INFO :  Test_Login_Params : test_login_params_002: Enter_Password007@Ravishinde
2023-06-16 21:22:06,098 : INFO :  Test_Login_Params : test_login_params_002: Click on login Button
2023-06-16 21:22:08,221 : INFO :  Test_Login_Params : test_login_params_002:  test_login_params_002 is Passed 
2023-06-16 21:22:08,241 : INFO :  Test_Login_Params : test_login_params_002:  test_login_params_002 is completed 
2023-06-16 21:22:11,423 : INFO :  Test_Login_Params : test_login_params_002:  Opening Browser 
2023-06-16 21:22:16,571 : INFO :  Test_Login_Params : test_login_params_002:  Going to Url
2023-06-16 21:22:16,660 : INFO :  Test_Login_Params : test_login_params_002: Enter_UserNamervshinde007@gmail.com
2023-06-16 21:22:16,710 : INFO :  Test_Login_Params : test_login_params_002: Enter_Password@Ravishinde
2023-06-16 21:22:16,757 : INFO :  Test_Login_Params : test_login_params_002: Click on login Button
2023-06-16 21:22:18,903 : INFO :  Test_Login_Params : test_login_params_002:  test_login_params_002 is Passed 
2023-06-16 21:22:18,922 : INFO :  Test_Login_Params : test_login_params_002:  test_login_params_002 is completed 
2023-06-16 21:22:22,106 : INFO :  Test_Login_Params : test_login_params_002:  Opening Browser 
2023-06-16 21:22:27,193 : INFO :  Test_Login_Params : test_login_params_002:  Going to Url
2023-06-16 21:22:27,295 : INFO :  Test_Login_Params : test_login_params_002: Enter_UserNamervshinde001@gmail.com
2023-06-16 21:22:27,350 : INFO :  Test_Login_Params : test_login_params_002: Enter_Password006@Ravishinde
2023-06-16 21:22:27,397 : INFO :  Test_Login_Params : test_login_params_002: Click on login Button
2023-06-16 21:22:29,518 : INFO :  Test_Login_Params : test_login_params_002:  test_login_params_002 is Passed 
2023-06-16 21:22:29,536 : INFO :  Test_Login_Params : test_login_params_002:  test_login_params_002 is completed 
2023-06-16 23:55:14,029 : INFO :  Test_Login_DDT : test_login_ddt_003:  Opening Browser 
2023-06-16 23:55:20,253 : INFO :  Test_Login_DDT : test_login_ddt_003:  Going to Url
2023-06-16 23:55:20,386 : INFO :  Test_Login_DDT : test_login_ddt_003: Enter_UserNamervshinde007@gmail.com
2023-06-16 23:55:20,440 : INFO :  Test_Login_DDT : test_login_ddt_003: Enter_Password007@Ravishinde
2023-06-16 23:55:20,489 : INFO :  Test_Login_DDT : test_login_ddt_003: Click on login Button
2023-06-16 23:55:24,323 : INFO :  Test_Login_DDT : test_login_ddt_003:  Opening Browser 
2023-06-16 23:55:30,350 : INFO :  Test_Login_DDT : test_login_ddt_003:  Going to Url
2023-06-16 23:55:30,450 : INFO :  Test_Login_DDT : test_login_ddt_003: Enter_UserNamervshinde007@gmail.com
2023-06-16 23:55:30,503 : INFO :  Test_Login_DDT : test_login_ddt_003: Enter_Password007@Ravishinde
2023-06-16 23:55:30,551 : INFO :  Test_Login_DDT : test_login_ddt_003: Click on login Button
2023-06-16 23:55:34,309 : INFO :  Test_Login_DDT : test_login_ddt_003:  Opening Browser 
2023-06-16 23:55:42,374 : INFO :  Test_Login_DDT : test_login_ddt_003:  Going to Url
2023-06-16 23:55:42,492 : INFO :  Test_Login_DDT : test_login_ddt_003: Enter_UserNamervshinde007@gmail.com
2023-06-16 23:55:42,546 : INFO :  Test_Login_DDT : test_login_ddt_003: Enter_Password007@Ravishinde
2023-06-16 23:55:42,592 : INFO :  Test_Login_DDT : test_login_ddt_003: Click on login Button
2023-06-16 23:55:46,728 : INFO :  Test_Login_DDT : test_login_ddt_003:  Opening Browser 
2023-06-16 23:55:53,723 : INFO :  Test_Login_DDT : test_login_ddt_003:  Going to Url
2023-06-16 23:55:53,837 : INFO :  Test_Login_DDT : test_login_ddt_003: Enter_UserNamervshinde007@gmail.com
2023-06-16 23:55:53,893 : INFO :  Test_Login_DDT : test_login_ddt_003: Enter_Password007@Ravishinde
2023-06-16 23:55:53,940 : INFO :  Test_Login_DDT : test_login_ddt_003: Click on login Button
2023-06-17 00:03:08,838 : INFO :  Test_Login_DDT : test_login_ddt_003:  Opening Browser 
2023-06-17 00:03:15,488 : INFO :  Test_Login_DDT : test_login_ddt_003:  Going to Url
2023-06-17 00:03:15,596 : INFO :  Test_Login_DDT : test_login_ddt_003: Enter_UserNamervshinde007@gmail.com
2023-06-17 00:03:15,651 : INFO :  Test_Login_DDT : test_login_ddt_003: Enter_Password007@Ravishinde
2023-06-17 00:03:15,699 : INFO :  Test_Login_DDT : test_login_ddt_003: Click on login Button
2023-06-17 00:03:19,444 : INFO :  Test_Login_DDT : test_login_ddt_003:  Click on menu button 
2023-06-17 00:03:23,081 : INFO :  Test_Login_DDT : test_login_ddt_003:  Click on Logout button 
2023-06-17 00:03:24,330 : INFO :  Test_Login_DDT : test_login_ddt_003:  Opening Browser 
2023-06-17 00:03:30,418 : INFO :  Test_Login_DDT : test_login_ddt_003:  Going to Url
2023-06-17 00:03:30,529 : INFO :  Test_Login_DDT : test_login_ddt_003: Enter_UserNamervshinde007@gmail.com
2023-06-17 00:03:30,583 : INFO :  Test_Login_DDT : test_login_ddt_003: Enter_Password007@Ravishinde
2023-06-17 00:03:30,630 : INFO :  Test_Login_DDT : test_login_ddt_003: Click on login Button
2023-06-17 00:03:35,087 : INFO :  Test_Login_DDT : test_login_ddt_003:  Click on menu button 
2023-06-17 00:03:39,558 : INFO :  Test_Login_DDT : test_login_ddt_003:  Click on Logout button 
2023-06-17 00:03:40,758 : INFO :  Test_Login_DDT : test_login_ddt_003:  Opening Browser 
2023-06-17 00:03:48,220 : INFO :  Test_Login_DDT : test_login_ddt_003:  Going to Url
2023-06-17 00:03:48,334 : INFO :  Test_Login_DDT : test_login_ddt_003: Enter_UserNamervshinde007@gmail.com
2023-06-17 00:03:48,388 : INFO :  Test_Login_DDT : test_login_ddt_003: Enter_Password007@Ravishinde
2023-06-17 00:03:48,435 : INFO :  Test_Login_DDT : test_login_ddt_003: Click on login Button
2023-06-17 00:03:53,072 : INFO :  Test_Login_DDT : test_login_ddt_003:  Click on menu button 
2023-06-17 00:03:57,395 : INFO :  Test_Login_DDT : test_login_ddt_003:  Click on Logout button 
2023-06-17 00:03:58,611 : INFO :  Test_Login_DDT : test_login_ddt_003:  Opening Browser 
2023-06-17 00:04:04,781 : INFO :  Test_Login_DDT : test_login_ddt_003:  Going to Url
2023-06-17 00:04:04,882 : INFO :  Test_Login_DDT : test_login_ddt_003: Enter_UserNamervshinde007@gmail.com
2023-06-17 00:04:04,938 : INFO :  Test_Login_DDT : test_login_ddt_003: Enter_Password007@Ravishinde
2023-06-17 00:04:04,986 : INFO :  Test_Login_DDT : test_login_ddt_003: Click on login Button
2023-06-17 00:04:10,505 : INFO :  Test_Login_DDT : test_login_ddt_003:  Click on menu button 
2023-06-17 00:04:15,057 : INFO :  Test_Login_DDT : test_login_ddt_003:  Click on Logout button 
2023-06-17 00:04:42,711 : INFO :  Test_Url_Login : test_Url_001:  Opening Browser 
2023-06-17 00:04:48,461 : INFO :  Test_Url_Login : test_Url_001:  Going to Url
2023-06-17 00:04:48,560 : INFO :  Test_Url_Login : test_Url_001: Enter_UserNamervshinde007@gmail.com
2023-06-17 00:04:48,612 : INFO :  Test_Url_Login : test_Url_001: Enter_Password007@Ravishinde
2023-06-17 00:04:48,658 : INFO :  Test_Url_Login : test_Url_001: Click on login Button
2023-06-17 00:04:52,143 : INFO :  Test_Url_Login : test_Url_001:  test_Url_001 is Passed 
2023-06-17 00:04:53,254 : INFO :  Test_Url_Login : test_Url_001:  Click on menu button 
2023-06-17 00:04:58,849 : INFO :  Test_Url_Login : test_Url_001:  Click on Logout button 
2023-06-17 00:04:58,866 : INFO :  Test_Url_Login : test_Url_001:  test_Url_001 is completed 
2023-06-17 00:05:17,675 : INFO :  Test_Login_Params : test_login_params_002:  Opening Browser 
2023-06-17 00:05:24,741 : INFO :  Test_Login_Params : test_login_params_002:  Going to Url
2023-06-17 00:05:24,847 : INFO :  Test_Login_Params : test_login_params_002: Enter_UserNamervshinde007@gmail.com
2023-06-17 00:05:24,902 : INFO :  Test_Login_Params : test_login_params_002: Enter_Password007@Ravishinde
2023-06-17 00:05:24,954 : INFO :  Test_Login_Params : test_login_params_002: Click on login Button
2023-06-17 00:05:30,801 : INFO :  Test_Login_Params : test_login_params_002:  Click on menu button 
2023-06-17 00:05:35,549 : INFO :  Test_Login_Params : test_login_params_002:  Click on Logout button 
2023-06-17 00:05:35,550 : INFO :  Test_Login_Params : test_login_params_002:  test_login_params_002 is Passed 
2023-06-17 00:05:35,580 : INFO :  Test_Login_Params : test_login_params_002:  test_login_params_002 is completed 
2023-06-17 00:05:38,765 : INFO :  Test_Login_Params : test_login_params_002:  Opening Browser 
2023-06-17 00:05:44,769 : INFO :  Test_Login_Params : test_login_params_002:  Going to Url
2023-06-17 00:05:44,867 : INFO :  Test_Login_Params : test_login_params_002: Enter_UserNamervshinde009@gmail.com
2023-06-17 00:05:44,921 : INFO :  Test_Login_Params : test_login_params_002: Enter_Password007@Ravishinde
2023-06-17 00:05:44,970 : INFO :  Test_Login_Params : test_login_params_002: Click on login Button
2023-06-17 00:05:47,160 : INFO :  Test_Login_Params : test_login_params_002:  test_login_params_002 is Passed 
2023-06-17 00:05:47,178 : INFO :  Test_Login_Params : test_login_params_002:  test_login_params_002 is completed 
2023-06-17 00:05:50,356 : INFO :  Test_Login_Params : test_login_params_002:  Opening Browser 
2023-06-17 00:05:57,866 : INFO :  Test_Login_Params : test_login_params_002:  Going to Url
2023-06-17 00:05:57,943 : INFO :  Test_Login_Params : test_login_params_002: Enter_UserNamervshinde007@gmail.com
2023-06-17 00:05:57,996 : INFO :  Test_Login_Params : test_login_params_002: Enter_Password001@Ravishinde
2023-06-17 00:05:58,042 : INFO :  Test_Login_Params : test_login_params_002: Click on login Button
2023-06-17 00:06:00,177 : INFO :  Test_Login_Params : test_login_params_002:  test_login_params_002 is Passed 
2023-06-17 00:06:00,194 : INFO :  Test_Login_Params : test_login_params_002:  test_login_params_002 is completed 
2023-06-17 00:06:03,366 : INFO :  Test_Login_Params : test_login_params_002:  Opening Browser 
2023-06-17 00:06:09,921 : INFO :  Test_Login_Params : test_login_params_002:  Going to Url
2023-06-17 00:06:10,029 : INFO :  Test_Login_Params : test_login_params_002: Enter_UserNamervshinde001@gmail.com
2023-06-17 00:06:10,083 : INFO :  Test_Login_Params : test_login_params_002: Enter_Password006@Ravishinde
2023-06-17 00:06:10,129 : INFO :  Test_Login_Params : test_login_params_002: Click on login Button
2023-06-17 00:06:12,281 : INFO :  Test_Login_Params : test_login_params_002:  test_login_params_002 is Passed 
2023-06-17 00:06:12,300 : INFO :  Test_Login_Params : test_login_params_002:  test_login_params_002 is completed 
2023-06-17 00:13:10,050 : INFO :  Test_Url_Login : test_Url_001:  Opening Browser 
2023-06-17 00:13:16,799 : INFO :  Test_Url_Login : test_Url_001:  Going to Url
2023-06-17 00:13:16,892 : INFO :  Test_Url_Login : test_Url_001: Enter_UserNamervshinde007@gmail.com
2023-06-17 00:13:16,944 : INFO :  Test_Url_Login : test_Url_001: Enter_Password007@Ravishinde
2023-06-17 00:13:16,991 : INFO :  Test_Url_Login : test_Url_001: Click on login Button
2023-06-17 00:13:19,980 : INFO :  Test_Url_Login : test_Url_001:  test_Url_001 is Passed 
2023-06-17 00:13:21,081 : INFO :  Test_Url_Login : test_Url_001:  Click on menu button 
2023-06-17 00:13:26,024 : INFO :  Test_Url_Login : test_Url_001:  Click on Logout button 
2023-06-17 00:13:26,060 : INFO :  Test_Url_Login : test_Url_001:  test_Url_001 is completed 
2023-06-17 00:13:38,810 : INFO :  Test_Login_Params : test_login_params_002:  Opening Browser 
2023-06-17 00:13:45,193 : INFO :  Test_Login_Params : test_login_params_002:  Going to Url
2023-06-17 00:13:45,304 : INFO :  Test_Login_Params : test_login_params_002: Enter_UserNamervshinde007@gmail.com
2023-06-17 00:13:45,357 : INFO :  Test_Login_Params : test_login_params_002: Enter_Password007@Ravishinde
2023-06-17 00:13:45,404 : INFO :  Test_Login_Params : test_login_params_002: Click on login Button
2023-06-17 00:13:49,059 : INFO :  Test_Login_Params : test_login_params_002:  Click on menu button 
2023-06-17 00:13:53,115 : INFO :  Test_Login_Params : test_login_params_002:  Click on Logout button 
2023-06-17 00:13:53,116 : INFO :  Test_Login_Params : test_login_params_002:  test_login_params_002 is Passed 
2023-06-17 00:13:53,149 : INFO :  Test_Login_Params : test_login_params_002:  test_login_params_002 is completed 
2023-06-17 00:13:56,289 : INFO :  Test_Login_Params : test_login_params_002:  Opening Browser 
2023-06-17 00:14:02,978 : INFO :  Test_Login_Params : test_login_params_002:  Going to Url
2023-06-17 00:14:03,060 : INFO :  Test_Login_Params : test_login_params_002: Enter_UserNamervshinde009@gmail.com
2023-06-17 00:14:03,114 : INFO :  Test_Login_Params : test_login_params_002: Enter_Password007@Ravishinde
2023-06-17 00:14:03,162 : INFO :  Test_Login_Params : test_login_params_002: Click on login Button
2023-06-17 00:14:05,291 : INFO :  Test_Login_Params : test_login_params_002:  test_login_params_002 is Passed 
2023-06-17 00:14:05,308 : INFO :  Test_Login_Params : test_login_params_002:  test_login_params_002 is completed 
2023-06-17 00:14:08,526 : INFO :  Test_Login_Params : test_login_params_002:  Opening Browser 
2023-06-17 00:14:15,412 : INFO :  Test_Login_Params : test_login_params_002:  Going to Url
2023-06-17 00:14:15,521 : INFO :  Test_Login_Params : test_login_params_002: Enter_UserNamervshinde007@gmail.com
2023-06-17 00:14:15,574 : INFO :  Test_Login_Params : test_login_params_002: Enter_Password001@Ravishinde
2023-06-17 00:14:15,621 : INFO :  Test_Login_Params : test_login_params_002: Click on login Button
2023-06-17 00:14:17,989 : INFO :  Test_Login_Params : test_login_params_002:  test_login_params_002 is Passed 
2023-06-17 00:14:18,006 : INFO :  Test_Login_Params : test_login_params_002:  test_login_params_002 is completed 
2023-06-17 00:14:21,183 : INFO :  Test_Login_Params : test_login_params_002:  Opening Browser 
2023-06-17 00:14:27,857 : INFO :  Test_Login_Params : test_login_params_002:  Going to Url
2023-06-17 00:14:27,965 : INFO :  Test_Login_Params : test_login_params_002: Enter_UserNamervshinde001@gmail.com
2023-06-17 00:14:28,017 : INFO :  Test_Login_Params : test_login_params_002: Enter_Password006@Ravishinde
2023-06-17 00:14:28,064 : INFO :  Test_Login_Params : test_login_params_002: Click on login Button
2023-06-17 00:14:30,188 : INFO :  Test_Login_Params : test_login_params_002:  test_login_params_002 is Passed 
2023-06-17 00:14:30,207 : INFO :  Test_Login_Params : test_login_params_002:  test_login_params_002 is completed 
2023-06-17 00:15:05,592 : INFO :  Test_Login_DDT : test_login_ddt_003:  Opening Browser 
2023-06-17 00:15:11,897 : INFO :  Test_Login_DDT : test_login_ddt_003:  Going to Url
2023-06-17 00:15:12,004 : INFO :  Test_Login_DDT : test_login_ddt_003: Enter_UserNamervshinde007@gmail.com
2023-06-17 00:15:12,058 : INFO :  Test_Login_DDT : test_login_ddt_003: Enter_Password007@Ravishinde
2023-06-17 00:15:12,103 : INFO :  Test_Login_DDT : test_login_ddt_003: Click on login Button
2023-06-17 00:15:16,402 : INFO :  Test_Login_DDT : test_login_ddt_003:  Click on menu button 
2023-06-17 00:15:20,768 : INFO :  Test_Login_DDT : test_login_ddt_003:  Click on Logout button 
2023-06-17 00:15:22,008 : INFO :  Test_Login_DDT : test_login_ddt_003:  Opening Browser 
2023-06-17 00:15:29,430 : INFO :  Test_Login_DDT : test_login_ddt_003:  Going to Url
2023-06-17 00:15:29,552 : INFO :  Test_Login_DDT : test_login_ddt_003: Enter_UserNamervshinde007@gmail.com
2023-06-17 00:15:29,625 : INFO :  Test_Login_DDT : test_login_ddt_003: Enter_Password007@Ravishinde
2023-06-17 00:15:29,684 : INFO :  Test_Login_DDT : test_login_ddt_003: Click on login Button
2023-06-17 00:15:34,207 : INFO :  Test_Login_DDT : test_login_ddt_003:  Click on menu button 
2023-06-17 00:15:38,693 : INFO :  Test_Login_DDT : test_login_ddt_003:  Click on Logout button 
2023-06-17 00:15:39,907 : INFO :  Test_Login_DDT : test_login_ddt_003:  Opening Browser 
2023-06-17 00:15:48,695 : INFO :  Test_Login_DDT : test_login_ddt_003:  Going to Url
2023-06-17 00:15:48,786 : INFO :  Test_Login_DDT : test_login_ddt_003: Enter_UserNamervshinde007@gmail.com
2023-06-17 00:15:48,842 : INFO :  Test_Login_DDT : test_login_ddt_003: Enter_Password007@Ravishinde
2023-06-17 00:15:48,890 : INFO :  Test_Login_DDT : test_login_ddt_003: Click on login Button
2023-06-17 00:15:53,058 : INFO :  Test_Login_DDT : test_login_ddt_003:  Click on menu button 
2023-06-17 00:15:57,453 : INFO :  Test_Login_DDT : test_login_ddt_003:  Click on Logout button 
2023-06-17 00:15:58,664 : INFO :  Test_Login_DDT : test_login_ddt_003:  Opening Browser 
2023-06-17 00:16:04,152 : INFO :  Test_Login_DDT : test_login_ddt_003:  Going to Url
2023-06-17 00:16:04,247 : INFO :  Test_Login_DDT : test_login_ddt_003: Enter_UserNamervshinde007@gmail.com
2023-06-17 00:16:04,302 : INFO :  Test_Login_DDT : test_login_ddt_003: Enter_Password007@Ravishinde
2023-06-17 00:16:04,349 : INFO :  Test_Login_DDT : test_login_ddt_003: Click on login Button
2023-06-17 00:16:08,924 : INFO :  Test_Login_DDT : test_login_ddt_003:  Click on menu button 
2023-06-17 00:16:13,622 : INFO :  Test_Login_DDT : test_login_ddt_003:  Click on Logout button 
2023-06-17 00:24:35,534 : INFO :  Test_Login_DDT : test_login_ddt_003:  Opening Browser 
2023-06-17 00:24:42,140 : INFO :  Test_Login_DDT : test_login_ddt_003:  Going to Url
2023-06-17 00:24:42,268 : INFO :  Test_Login_DDT : test_login_ddt_003: Enter_UserNamervshinde007@gmail.com
2023-06-17 00:24:42,329 : INFO :  Test_Login_DDT : test_login_ddt_003: Enter_Password007@Ravishinde
2023-06-17 00:24:42,381 : INFO :  Test_Login_DDT : test_login_ddt_003: Click on login Button
2023-06-17 00:24:46,580 : INFO :  Test_Login_DDT : test_login_ddt_003:  Click on menu button 
2023-06-17 00:24:51,417 : INFO :  Test_Login_DDT : test_login_ddt_003:  Click on Logout button 
2023-06-17 00:24:52,657 : INFO :  Test_Login_DDT : test_login_ddt_003:  Opening Browser 
2023-06-17 00:24:59,848 : INFO :  Test_Login_DDT : test_login_ddt_003:  Going to Url
2023-06-17 00:24:59,977 : INFO :  Test_Login_DDT : test_login_ddt_003: Enter_UserNamervshinde007@gmail.com
2023-06-17 00:25:00,058 : INFO :  Test_Login_DDT : test_login_ddt_003: Enter_Password007@Ravishinde
2023-06-17 00:25:00,113 : INFO :  Test_Login_DDT : test_login_ddt_003: Click on login Button
2023-06-17 00:25:03,908 : INFO :  Test_Login_DDT : test_login_ddt_003:  Click on menu button 
2023-06-17 00:25:08,524 : INFO :  Test_Login_DDT : test_login_ddt_003:  Click on Logout button 
2023-06-17 00:25:09,779 : INFO :  Test_Login_DDT : test_login_ddt_003:  Opening Browser 
2023-06-17 00:25:16,486 : INFO :  Test_Login_DDT : test_login_ddt_003:  Going to Url
2023-06-17 00:25:16,590 : INFO :  Test_Login_DDT : test_login_ddt_003: Enter_UserNamervshinde007@gmail.com
2023-06-17 00:25:16,645 : INFO :  Test_Login_DDT : test_login_ddt_003: Enter_Password007@Ravishinde
2023-06-17 00:25:16,694 : INFO :  Test_Login_DDT : test_login_ddt_003: Click on login Button
2023-06-17 00:25:20,651 : INFO :  Test_Login_DDT : test_login_ddt_003:  Click on menu button 
2023-06-17 00:25:25,199 : INFO :  Test_Login_DDT : test_login_ddt_003:  Click on Logout button 
2023-06-17 00:25:26,421 : INFO :  Test_Login_DDT : test_login_ddt_003:  Opening Browser 
2023-06-17 00:25:32,498 : INFO :  Test_Login_DDT : test_login_ddt_003:  Going to Url
2023-06-17 00:25:32,617 : INFO :  Test_Login_DDT : test_login_ddt_003: Enter_UserNamervshinde007@gmail.com
2023-06-17 00:25:32,677 : INFO :  Test_Login_DDT : test_login_ddt_003: Enter_Password007@Ravishinde
2023-06-17 00:25:32,729 : INFO :  Test_Login_DDT : test_login_ddt_003: Click on login Button
2023-06-17 00:25:36,689 : INFO :  Test_Login_DDT : test_login_ddt_003:  Click on menu button 
2023-06-17 00:25:41,513 : INFO :  Test_Login_DDT : test_login_ddt_003:  Click on Logout button 
2023-06-17 00:27:38,903 : INFO :  Test_Login_DDT : test_login_ddt_003:  Opening Browser 
2023-06-17 00:27:46,351 : INFO :  Test_Login_DDT : test_login_ddt_003:  Going to Url
2023-06-17 00:27:46,465 : INFO :  Test_Login_DDT : test_login_ddt_003: Enter_UserNamervshinde007@gmail.com
2023-06-17 00:27:46,518 : INFO :  Test_Login_DDT : test_login_ddt_003: Enter_Password007@Ravishinde
2023-06-17 00:27:46,564 : INFO :  Test_Login_DDT : test_login_ddt_003: Click on login Button
2023-06-17 00:27:52,770 : INFO :  Test_Login_DDT : test_login_ddt_003:  Click on menu button 
2023-06-17 00:27:59,093 : INFO :  Test_Login_DDT : test_login_ddt_003:  Click on Logout button 
2023-06-17 00:28:00,304 : INFO :  Test_Login_DDT : test_login_ddt_003:  Opening Browser 
2023-06-17 00:28:06,823 : INFO :  Test_Login_DDT : test_login_ddt_003:  Going to Url
2023-06-17 00:28:06,929 : INFO :  Test_Login_DDT : test_login_ddt_003: Enter_UserNamervshinde007@gmail.com
2023-06-17 00:28:06,983 : INFO :  Test_Login_DDT : test_login_ddt_003: Enter_Password007@Ravishinde
2023-06-17 00:28:07,029 : INFO :  Test_Login_DDT : test_login_ddt_003: Click on login Button
2023-06-17 00:28:14,469 : INFO :  Test_Login_DDT : test_login_ddt_003:  Click on menu button 
2023-06-17 00:28:20,498 : INFO :  Test_Login_DDT : test_login_ddt_003:  Click on Logout button 
2023-06-17 00:28:21,732 : INFO :  Test_Login_DDT : test_login_ddt_003:  Opening Browser 
2023-06-17 00:28:32,857 : INFO :  Test_Login_DDT : test_login_ddt_003:  Going to Url
2023-06-17 00:28:32,949 : INFO :  Test_Login_DDT : test_login_ddt_003: Enter_UserNamervshinde007@gmail.com
2023-06-17 00:28:33,013 : INFO :  Test_Login_DDT : test_login_ddt_003: Enter_Password007@Ravishinde
2023-06-17 00:28:33,065 : INFO :  Test_Login_DDT : test_login_ddt_003: Click on login Button
2023-06-17 00:28:39,307 : INFO :  Test_Login_DDT : test_login_ddt_003:  Click on menu button 
2023-06-17 00:28:47,970 : INFO :  Test_Login_DDT : test_login_ddt_003:  Click on Logout button 
2023-06-17 00:28:49,205 : INFO :  Test_Login_DDT : test_login_ddt_003:  Opening Browser 
2023-06-17 00:28:57,571 : INFO :  Test_Login_DDT : test_login_ddt_003:  Going to Url
2023-06-17 00:28:57,682 : INFO :  Test_Login_DDT : test_login_ddt_003: Enter_UserNamervshinde007@gmail.com
2023-06-17 00:28:57,736 : INFO :  Test_Login_DDT : test_login_ddt_003: Enter_Password007@Ravishinde
2023-06-17 00:28:57,785 : INFO :  Test_Login_DDT : test_login_ddt_003: Click on login Button
2023-06-17 00:29:04,174 : INFO :  Test_Login_DDT : test_login_ddt_003:  Click on menu button 
2023-06-17 00:29:10,800 : INFO :  Test_Login_DDT : test_login_ddt_003:  Click on Logout button 
2023-06-17 00:32:31,124 : INFO :  Test_Login_DDT : test_login_ddt_003:  Opening Browser 
2023-06-17 00:32:38,509 : INFO :  Test_Login_DDT : test_login_ddt_003:  Going to Url
2023-06-17 00:32:38,627 : INFO :  Test_Login_DDT : test_login_ddt_003: Enter_UserNamervshinde007@gmail.com
2023-06-17 00:32:38,680 : INFO :  Test_Login_DDT : test_login_ddt_003: Enter_Password007@Ravishinde
2023-06-17 00:32:38,726 : INFO :  Test_Login_DDT : test_login_ddt_003: Click on login Button
2023-06-17 00:32:42,582 : INFO :  Test_Login_DDT : test_login_ddt_003:  Click on menu button 
2023-06-17 00:32:48,205 : INFO :  Test_Login_DDT : test_login_ddt_003:  Click on Logout button 
2023-06-17 00:32:49,445 : INFO :  Test_Login_DDT : test_login_ddt_003:  Opening Browser 
2023-06-17 00:32:56,443 : INFO :  Test_Login_DDT : test_login_ddt_003:  Going to Url
2023-06-17 00:32:56,547 : INFO :  Test_Login_DDT : test_login_ddt_003: Enter_UserNamervshinde007@gmail.com
2023-06-17 00:32:56,599 : INFO :  Test_Login_DDT : test_login_ddt_003: Enter_Password007@Ravishinde
2023-06-17 00:32:56,646 : INFO :  Test_Login_DDT : test_login_ddt_003: Click on login Button
2023-06-17 00:33:00,404 : INFO :  Test_Login_DDT : test_login_ddt_003:  Click on menu button 
2023-06-17 00:33:05,153 : INFO :  Test_Login_DDT : test_login_ddt_003:  Click on Logout button 
2023-06-17 00:33:06,410 : INFO :  Test_Login_DDT : test_login_ddt_003:  Opening Browser 
2023-06-17 00:33:13,648 : INFO :  Test_Login_DDT : test_login_ddt_003:  Going to Url
2023-06-17 00:33:13,760 : INFO :  Test_Login_DDT : test_login_ddt_003: Enter_UserNamervshinde007@gmail.com
2023-06-17 00:33:13,813 : INFO :  Test_Login_DDT : test_login_ddt_003: Enter_Password007@Ravishinde
2023-06-17 00:33:13,861 : INFO :  Test_Login_DDT : test_login_ddt_003: Click on login Button
2023-06-17 00:33:17,742 : INFO :  Test_Login_DDT : test_login_ddt_003:  Click on menu button 
2023-06-17 00:33:23,724 : INFO :  Test_Login_DDT : test_login_ddt_003:  Click on Logout button 
2023-06-17 00:33:25,002 : INFO :  Test_Login_DDT : test_login_ddt_003:  Opening Browser 
2023-06-17 00:33:32,556 : INFO :  Test_Login_DDT : test_login_ddt_003:  Going to Url
2023-06-17 00:33:32,651 : INFO :  Test_Login_DDT : test_login_ddt_003: Enter_UserNamervshinde007@gmail.com
2023-06-17 00:33:32,706 : INFO :  Test_Login_DDT : test_login_ddt_003: Enter_Password007@Ravishinde
2023-06-17 00:33:32,753 : INFO :  Test_Login_DDT : test_login_ddt_003: Click on login Button
2023-06-17 00:33:36,578 : INFO :  Test_Login_DDT : test_login_ddt_003:  Click on menu button 
2023-06-17 00:33:40,447 : INFO :  Test_Login_DDT : test_login_ddt_003:  Click on Logout button 
2023-06-17 00:39:14,633 : INFO :  Test_Login_DDT : test_login_ddt_003:  Opening Browser 
2023-06-17 00:39:21,615 : INFO :  Test_Login_DDT : test_login_ddt_003:  Going to Url
2023-06-17 00:39:21,725 : INFO :  Test_Login_DDT : test_login_ddt_003: Enter_UserNamervshinde007@gmail.com
2023-06-17 00:39:21,777 : INFO :  Test_Login_DDT : test_login_ddt_003: Enter_Password007@Ravishinde
2023-06-17 00:39:21,824 : INFO :  Test_Login_DDT : test_login_ddt_003: Click on login Button
2023-06-17 00:39:26,138 : INFO :  Test_Login_DDT : test_login_ddt_003:  Click on menu button 
2023-06-17 00:39:30,046 : INFO :  Test_Login_DDT : test_login_ddt_003:  Click on Logout button 
2023-06-17 00:39:31,294 : INFO :  Test_Login_DDT : test_login_ddt_003:  Opening Browser 
2023-06-17 00:39:39,102 : INFO :  Test_Login_DDT : test_login_ddt_003:  Going to Url
2023-06-17 00:39:39,215 : INFO :  Test_Login_DDT : test_login_ddt_003: Enter_UserNamervshinde007@gmail.com
2023-06-17 00:39:39,267 : INFO :  Test_Login_DDT : test_login_ddt_003: Enter_Password007@Ravishinde
2023-06-17 00:39:39,313 : INFO :  Test_Login_DDT : test_login_ddt_003: Click on login Button
2023-06-17 00:39:43,303 : INFO :  Test_Login_DDT : test_login_ddt_003:  Click on menu button 
2023-06-17 00:39:47,309 : INFO :  Test_Login_DDT : test_login_ddt_003:  Click on Logout button 
2023-06-17 00:39:48,561 : INFO :  Test_Login_DDT : test_login_ddt_003:  Opening Browser 
2023-06-17 00:39:55,673 : INFO :  Test_Login_DDT : test_login_ddt_003:  Going to Url
2023-06-17 00:39:55,776 : INFO :  Test_Login_DDT : test_login_ddt_003: Enter_UserNamervshinde007@gmail.com
2023-06-17 00:39:55,828 : INFO :  Test_Login_DDT : test_login_ddt_003: Enter_Password007@Ravishinde
2023-06-17 00:39:55,875 : INFO :  Test_Login_DDT : test_login_ddt_003: Click on login Button
2023-06-17 00:40:00,113 : INFO :  Test_Login_DDT : test_login_ddt_003:  Click on menu button 
2023-06-17 00:40:06,563 : INFO :  Test_Login_DDT : test_login_ddt_003:  Click on Logout button 
2023-06-17 00:40:07,779 : INFO :  Test_Login_DDT : test_login_ddt_003:  Opening Browser 
2023-06-17 00:40:14,239 : INFO :  Test_Login_DDT : test_login_ddt_003:  Going to Url
2023-06-17 00:40:14,365 : INFO :  Test_Login_DDT : test_login_ddt_003: Enter_UserNamervshinde007@gmail.com
2023-06-17 00:40:14,417 : INFO :  Test_Login_DDT : test_login_ddt_003: Enter_Password007@Ravishinde
2023-06-17 00:40:14,465 : INFO :  Test_Login_DDT : test_login_ddt_003: Click on login Button
2023-06-17 00:40:19,043 : INFO :  Test_Login_DDT : test_login_ddt_003:  Click on menu button 
2023-06-17 00:40:23,338 : INFO :  Test_Login_DDT : test_login_ddt_003:  Click on Logout button 
2023-06-17 00:46:41,709 : INFO :  Test_Url_Login : test_Url_001:  Opening Browser 
2023-06-17 00:46:48,436 : INFO :  Test_Url_Login : test_Url_001:  Going to Url
2023-06-17 00:46:48,512 : INFO :  Test_Url_Login : test_Url_001: Enter_UserNamervshinde007@gmail.com
2023-06-17 00:46:48,567 : INFO :  Test_Url_Login : test_Url_001: Enter_Password007@Ravishinde
2023-06-17 00:46:48,614 : INFO :  Test_Url_Login : test_Url_001: Click on login Button
2023-06-17 00:46:51,190 : INFO :  Test_Url_Login : test_Url_001:  test_Url_001 is Passed 
2023-06-17 00:46:52,305 : INFO :  Test_Url_Login : test_Url_001:  Click on menu button 
2023-06-17 00:46:56,441 : INFO :  Test_Url_Login : test_Url_001:  Click on Logout button 
2023-06-17 00:46:56,461 : INFO :  Test_Url_Login : test_Url_001:  test_Url_001 is completed 
2023-06-17 00:46:59,659 : INFO :  Test_Login_DDT : test_login_ddt_003:  Opening Browser 
2023-06-17 00:47:07,554 : INFO :  Test_Login_DDT : test_login_ddt_003:  Going to Url
2023-06-17 00:47:07,672 : INFO :  Test_Login_DDT : test_login_ddt_003: Enter_UserNamervshinde007@gmail.com
2023-06-17 00:47:07,726 : INFO :  Test_Login_DDT : test_login_ddt_003: Enter_Password007@Ravishinde
2023-06-17 00:47:07,774 : INFO :  Test_Login_DDT : test_login_ddt_003: Click on login Button
2023-06-17 00:47:12,268 : INFO :  Test_Login_DDT : test_login_ddt_003:  Click on menu button 
2023-06-17 00:47:16,530 : INFO :  Test_Login_DDT : test_login_ddt_003:  Click on Logout button 
2023-06-17 00:47:17,809 : INFO :  Test_Login_DDT : test_login_ddt_003:  Opening Browser 
2023-06-17 00:47:25,362 : INFO :  Test_Login_DDT : test_login_ddt_003:  Going to Url
2023-06-17 00:47:25,467 : INFO :  Test_Login_DDT : test_login_ddt_003: Enter_UserNamervshinde007@gmail.com
2023-06-17 00:47:25,520 : INFO :  Test_Login_DDT : test_login_ddt_003: Enter_Password007@Ravishinde
2023-06-17 00:47:25,567 : INFO :  Test_Login_DDT : test_login_ddt_003: Click on login Button
2023-06-17 00:47:30,558 : INFO :  Test_Login_DDT : test_login_ddt_003:  Click on menu button 
2023-06-17 00:47:34,830 : INFO :  Test_Login_DDT : test_login_ddt_003:  Click on Logout button 
2023-06-17 00:47:36,094 : INFO :  Test_Login_DDT : test_login_ddt_003:  Opening Browser 
2023-06-17 00:47:42,780 : INFO :  Test_Login_DDT : test_login_ddt_003:  Going to Url
2023-06-17 00:47:42,890 : INFO :  Test_Login_DDT : test_login_ddt_003: Enter_UserNamervshinde007@gmail.com
2023-06-17 00:47:42,957 : INFO :  Test_Login_DDT : test_login_ddt_003: Enter_Password007@Ravishinde
2023-06-17 00:47:43,007 : INFO :  Test_Login_DDT : test_login_ddt_003: Click on login Button
2023-06-17 00:47:47,015 : INFO :  Test_Login_DDT : test_login_ddt_003:  Click on menu button 
2023-06-17 00:47:51,375 : INFO :  Test_Login_DDT : test_login_ddt_003:  Click on Logout button 
2023-06-17 00:47:52,601 : INFO :  Test_Login_DDT : test_login_ddt_003:  Opening Browser 
2023-06-17 00:47:59,997 : INFO :  Test_Login_DDT : test_login_ddt_003:  Going to Url
2023-06-17 00:48:00,119 : INFO :  Test_Login_DDT : test_login_ddt_003: Enter_UserNamervshinde007@gmail.com
2023-06-17 00:48:00,174 : INFO :  Test_Login_DDT : test_login_ddt_003: Enter_Password007@Ravishinde
2023-06-17 00:48:00,224 : INFO :  Test_Login_DDT : test_login_ddt_003: Click on login Button
2023-06-17 00:48:05,231 : INFO :  Test_Login_DDT : test_login_ddt_003:  Click on menu button 
2023-06-17 00:48:09,775 : INFO :  Test_Login_DDT : test_login_ddt_003:  Click on Logout button 
2023-06-17 00:48:11,013 : INFO :  Test_Login_Params : test_login_params_002:  Opening Browser 
2023-06-17 00:48:16,604 : INFO :  Test_Login_Params : test_login_params_002:  Going to Url
2023-06-17 00:48:16,705 : INFO :  Test_Login_Params : test_login_params_002: Enter_UserNamervshinde007@gmail.com
2023-06-17 00:48:16,761 : INFO :  Test_Login_Params : test_login_params_002: Enter_Password007@Ravishinde
2023-06-17 00:48:16,810 : INFO :  Test_Login_Params : test_login_params_002: Click on login Button
2023-06-17 00:48:20,725 : INFO :  Test_Login_Params : test_login_params_002:  Click on menu button 
2023-06-17 00:48:24,742 : INFO :  Test_Login_Params : test_login_params_002:  Click on Logout button 
2023-06-17 00:48:24,742 : INFO :  Test_Login_Params : test_login_params_002:  test_login_params_002 is Passed 
2023-06-17 00:48:24,759 : INFO :  Test_Login_Params : test_login_params_002:  test_login_params_002 is completed 
2023-06-17 00:48:27,937 : INFO :  Test_Login_Params : test_login_params_002:  Opening Browser 
2023-06-17 00:48:34,685 : INFO :  Test_Login_Params : test_login_params_002:  Going to Url
2023-06-17 00:48:34,783 : INFO :  Test_Login_Params : test_login_params_002: Enter_UserNamervshinde009@gmail.com
2023-06-17 00:48:34,838 : INFO :  Test_Login_Params : test_login_params_002: Enter_Password007@Ravishinde
2023-06-17 00:48:34,885 : INFO :  Test_Login_Params : test_login_params_002: Click on login Button
2023-06-17 00:48:36,990 : INFO :  Test_Login_Params : test_login_params_002:  test_login_params_002 is Passed 
2023-06-17 00:48:37,007 : INFO :  Test_Login_Params : test_login_params_002:  test_login_params_002 is completed 
2023-06-17 00:48:40,155 : INFO :  Test_Login_Params : test_login_params_002:  Opening Browser 
2023-06-17 00:48:45,724 : INFO :  Test_Login_Params : test_login_params_002:  Going to Url
2023-06-17 00:48:45,827 : INFO :  Test_Login_Params : test_login_params_002: Enter_UserNamervshinde007@gmail.com
2023-06-17 00:48:45,883 : INFO :  Test_Login_Params : test_login_params_002: Enter_Password001@Ravishinde
2023-06-17 00:48:45,930 : INFO :  Test_Login_Params : test_login_params_002: Click on login Button
2023-06-17 00:48:48,084 : INFO :  Test_Login_Params : test_login_params_002:  test_login_params_002 is Passed 
2023-06-17 00:48:48,102 : INFO :  Test_Login_Params : test_login_params_002:  test_login_params_002 is completed 
2023-06-17 00:48:51,288 : INFO :  Test_Login_Params : test_login_params_002:  Opening Browser 
2023-06-17 00:48:57,726 : INFO :  Test_Login_Params : test_login_params_002:  Going to Url
2023-06-17 00:48:57,810 : INFO :  Test_Login_Params : test_login_params_002: Enter_UserNamervshinde001@gmail.com
2023-06-17 00:48:57,866 : INFO :  Test_Login_Params : test_login_params_002: Enter_Password006@Ravishinde
2023-06-17 00:48:57,913 : INFO :  Test_Login_Params : test_login_params_002: Click on login Button
2023-06-17 00:49:00,040 : INFO :  Test_Login_Params : test_login_params_002:  test_login_params_002 is Passed 
2023-06-17 00:49:00,057 : INFO :  Test_Login_Params : test_login_params_002:  test_login_params_002 is completed 
2023-06-17 00:51:15,328 : INFO :  Test_Url_Login : test_Url_001:  Opening Browser 
2023-06-17 00:51:15,329 : INFO :  Test_Login_DDT : test_login_ddt_003:  Opening Browser 
2023-06-17 00:51:24,506 : INFO :  Test_Url_Login : test_Url_001:  Going to Url
2023-06-17 00:51:24,609 : INFO :  Test_Url_Login : test_Url_001: Enter_UserNamervshinde007@gmail.com
2023-06-17 00:51:24,660 : INFO :  Test_Url_Login : test_Url_001: Enter_Password007@Ravishinde
2023-06-17 00:51:24,710 : INFO :  Test_Url_Login : test_Url_001: Click on login Button
2023-06-17 00:51:25,781 : INFO :  Test_Login_DDT : test_login_ddt_003:  Going to Url
2023-06-17 00:51:25,911 : INFO :  Test_Login_DDT : test_login_ddt_003: Enter_UserNamervshinde007@gmail.com
2023-06-17 00:51:25,968 : INFO :  Test_Login_DDT : test_login_ddt_003: Enter_Password007@Ravishinde
2023-06-17 00:51:26,015 : INFO :  Test_Login_DDT : test_login_ddt_003: Click on login Button
2023-06-17 00:51:29,164 : INFO :  Test_Url_Login : test_Url_001:  test_Url_001 is Passed 
2023-06-17 00:51:29,676 : INFO :  Test_Login_DDT : test_login_ddt_003:  Click on menu button 
2023-06-17 00:51:30,272 : INFO :  Test_Url_Login : test_Url_001:  Click on menu button 
2023-06-17 00:51:34,176 : INFO :  Test_Login_DDT : test_login_ddt_003:  Click on Logout button 
2023-06-17 00:51:34,986 : INFO :  Test_Url_Login : test_Url_001:  Click on Logout button 
2023-06-17 00:51:35,008 : INFO :  Test_Url_Login : test_Url_001:  test_Url_001 is completed 
2023-06-17 00:51:35,396 : INFO :  Test_Login_DDT : test_login_ddt_003:  Opening Browser 
2023-06-17 00:51:38,189 : INFO :  Test_Login_DDT : test_login_ddt_003:  Opening Browser 
2023-06-17 00:51:42,445 : INFO :  Test_Login_DDT : test_login_ddt_003:  Going to Url
2023-06-17 00:51:42,541 : INFO :  Test_Login_DDT : test_login_ddt_003: Enter_UserNamervshinde007@gmail.com
2023-06-17 00:51:42,610 : INFO :  Test_Login_DDT : test_login_ddt_003: Enter_Password007@Ravishinde
2023-06-17 00:51:42,678 : INFO :  Test_Login_DDT : test_login_ddt_003: Click on login Button
2023-06-17 00:51:46,058 : INFO :  Test_Login_DDT : test_login_ddt_003:  Going to Url
2023-06-17 00:51:46,168 : INFO :  Test_Login_DDT : test_login_ddt_003: Enter_UserNamervshinde007@gmail.com
2023-06-17 00:51:46,224 : INFO :  Test_Login_DDT : test_login_ddt_003: Enter_Password007@Ravishinde
2023-06-17 00:51:46,274 : INFO :  Test_Login_DDT : test_login_ddt_003: Click on login Button
2023-06-17 00:51:46,740 : INFO :  Test_Login_DDT : test_login_ddt_003:  Click on menu button 
2023-06-17 00:51:50,190 : INFO :  Test_Login_DDT : test_login_ddt_003:  Click on menu button 
2023-06-17 00:51:50,971 : INFO :  Test_Login_DDT : test_login_ddt_003:  Click on Logout button 
2023-06-17 00:51:52,218 : INFO :  Test_Login_DDT : test_login_ddt_003:  Opening Browser 
2023-06-17 00:51:54,790 : INFO :  Test_Login_DDT : test_login_ddt_003:  Click on Logout button 
2023-06-17 00:51:56,003 : INFO :  Test_Login_Params : test_login_params_002:  Opening Browser 
2023-06-17 00:52:00,350 : INFO :  Test_Login_DDT : test_login_ddt_003:  Going to Url
2023-06-17 00:52:00,449 : INFO :  Test_Login_DDT : test_login_ddt_003: Enter_UserNamervshinde007@gmail.com
2023-06-17 00:52:00,512 : INFO :  Test_Login_DDT : test_login_ddt_003: Enter_Password007@Ravishinde
2023-06-17 00:52:00,575 : INFO :  Test_Login_DDT : test_login_ddt_003: Click on login Button
2023-06-17 00:52:03,066 : INFO :  Test_Login_Params : test_login_params_002:  Going to Url
2023-06-17 00:52:03,166 : INFO :  Test_Login_Params : test_login_params_002: Enter_UserNamervshinde007@gmail.com
2023-06-17 00:52:03,249 : INFO :  Test_Login_Params : test_login_params_002: Enter_Password007@Ravishinde
2023-06-17 00:52:03,309 : INFO :  Test_Login_Params : test_login_params_002: Click on login Button
2023-06-17 00:52:04,440 : INFO :  Test_Login_DDT : test_login_ddt_003:  Click on menu button 
2023-06-17 00:52:07,816 : INFO :  Test_Login_Params : test_login_params_002:  Click on menu button 
2023-06-17 00:52:08,576 : INFO :  Test_Login_DDT : test_login_ddt_003:  Click on Logout button 
2023-06-17 00:52:09,943 : INFO :  Test_Login_Params : test_login_params_002:  Opening Browser 
2023-06-17 00:52:13,011 : INFO :  Test_Login_Params : test_login_params_002:  Click on Logout button 
2023-06-17 00:52:13,011 : INFO :  Test_Login_Params : test_login_params_002:  test_login_params_002 is Passed 
2023-06-17 00:52:13,034 : INFO :  Test_Login_Params : test_login_params_002:  test_login_params_002 is completed 
2023-06-17 00:52:16,247 : INFO :  Test_Login_Params : test_login_params_002:  Opening Browser 
2023-06-17 00:52:16,710 : INFO :  Test_Login_Params : test_login_params_002:  Going to Url
2023-06-17 00:52:16,788 : INFO :  Test_Login_Params : test_login_params_002: Enter_UserNamervshinde009@gmail.com
2023-06-17 00:52:16,842 : INFO :  Test_Login_Params : test_login_params_002: Enter_Password007@Ravishinde
2023-06-17 00:52:16,889 : INFO :  Test_Login_Params : test_login_params_002: Click on login Button
2023-06-17 00:52:19,456 : INFO :  Test_Login_Params : test_login_params_002:  test_login_params_002 is Passed 
2023-06-17 00:52:19,473 : INFO :  Test_Login_Params : test_login_params_002:  test_login_params_002 is completed 
2023-06-17 00:52:22,631 : INFO :  Test_Login_Params : test_login_params_002:  Going to Url
2023-06-17 00:52:22,681 : INFO :  Test_Login_Params : test_login_params_002:  Opening Browser 
2023-06-17 00:52:22,722 : INFO :  Test_Login_Params : test_login_params_002: Enter_UserNamervshinde007@gmail.com
2023-06-17 00:52:22,779 : INFO :  Test_Login_Params : test_login_params_002: Enter_Password001@Ravishinde
2023-06-17 00:52:22,828 : INFO :  Test_Login_Params : test_login_params_002: Click on login Button
2023-06-17 00:52:24,931 : INFO :  Test_Login_Params : test_login_params_002:  test_login_params_002 is Passed 
2023-06-17 00:52:24,949 : INFO :  Test_Login_Params : test_login_params_002:  test_login_params_002 is completed 
2023-06-17 00:52:28,529 : INFO :  Test_Login_Params : test_login_params_002:  Going to Url
2023-06-17 00:52:28,645 : INFO :  Test_Login_Params : test_login_params_002: Enter_UserNamervshinde001@gmail.com
2023-06-17 00:52:28,697 : INFO :  Test_Login_Params : test_login_params_002: Enter_Password006@Ravishinde
2023-06-17 00:52:28,743 : INFO :  Test_Login_Params : test_login_params_002: Click on login Button
2023-06-17 00:52:30,863 : INFO :  Test_Login_Params : test_login_params_002:  test_login_params_002 is Passed 
2023-06-17 00:52:30,880 : INFO :  Test_Login_Params : test_login_params_002:  test_login_params_002 is completed 
2023-06-17 00:57:43,727 : INFO :  Test_Login_DDT : test_login_ddt_003:  Opening Browser 
2023-06-17 00:57:48,712 : INFO :  Test_Login_DDT : test_login_ddt_003:  Going to Url
2023-06-17 00:57:48,820 : INFO :  Test_Login_DDT : test_login_ddt_003: Enter_UserNamervshinde007@gmail.com
2023-06-17 00:57:48,875 : INFO :  Test_Login_DDT : test_login_ddt_003: Enter_Password007@Ravishinde
2023-06-17 00:57:48,922 : INFO :  Test_Login_DDT : test_login_ddt_003: Click on login Button
2023-06-17 00:57:49,066 : INFO :  Test_Login_DDT : test_login_ddt_003: Enter_UserNamervshinde009@gmail.com
2023-06-17 00:57:49,114 : INFO :  Test_Login_DDT : test_login_ddt_003: Enter_Password007@Ravishinde
2023-06-17 00:57:49,152 : INFO :  Test_Login_DDT : test_login_ddt_003: Click on login Button
2023-06-17 00:57:51,466 : INFO :  Test_Login_DDT : test_login_ddt_003:  Click on menu button 
2023-06-17 00:57:54,588 : INFO :  Test_Login_DDT : test_login_ddt_003:  Click on Logout button 
2023-06-17 00:57:55,854 : INFO :  Test_Login_DDT : test_login_ddt_003:  Opening Browser 
2023-06-17 00:58:01,971 : INFO :  Test_Login_DDT : test_login_ddt_003:  Going to Url
2023-06-17 00:58:02,075 : INFO :  Test_Login_DDT : test_login_ddt_003: Enter_UserNamervshinde007@gmail.com
2023-06-17 00:58:02,129 : INFO :  Test_Login_DDT : test_login_ddt_003: Enter_Password007@Ravishinde
2023-06-17 00:58:02,176 : INFO :  Test_Login_DDT : test_login_ddt_003: Click on login Button
2023-06-17 00:58:02,315 : INFO :  Test_Login_DDT : test_login_ddt_003: Enter_UserNamervshinde009@gmail.com
2023-06-17 00:58:02,362 : INFO :  Test_Login_DDT : test_login_ddt_003: Enter_Password007@Ravishinde
2023-06-17 00:58:02,395 : INFO :  Test_Login_DDT : test_login_ddt_003: Click on login Button
2023-06-17 00:58:05,425 : INFO :  Test_Login_DDT : test_login_ddt_003:  Click on menu button 
2023-06-17 00:58:09,123 : INFO :  Test_Login_DDT : test_login_ddt_003:  Click on Logout button 
2023-06-17 00:58:10,395 : INFO :  Test_Login_DDT : test_login_ddt_003:  Opening Browser 
2023-06-17 00:58:15,279 : INFO :  Test_Login_DDT : test_login_ddt_003:  Going to Url
2023-06-17 00:58:15,395 : INFO :  Test_Login_DDT : test_login_ddt_003: Enter_UserNamervshinde007@gmail.com
2023-06-17 00:58:15,448 : INFO :  Test_Login_DDT : test_login_ddt_003: Enter_Password007@Ravishinde
2023-06-17 00:58:15,495 : INFO :  Test_Login_DDT : test_login_ddt_003: Click on login Button
2023-06-17 00:58:15,668 : INFO :  Test_Login_DDT : test_login_ddt_003: Enter_UserNamervshinde009@gmail.com
2023-06-17 00:58:15,736 : INFO :  Test_Login_DDT : test_login_ddt_003: Enter_Password007@Ravishinde
2023-06-17 00:58:15,769 : INFO :  Test_Login_DDT : test_login_ddt_003: Click on login Button
2023-06-17 00:58:18,687 : INFO :  Test_Login_DDT : test_login_ddt_003:  Click on menu button 
2023-06-17 00:58:22,234 : INFO :  Test_Login_DDT : test_login_ddt_003:  Click on Logout button 
2023-06-17 00:58:23,470 : INFO :  Test_Login_DDT : test_login_ddt_003:  Opening Browser 
2023-06-17 00:58:28,622 : INFO :  Test_Login_DDT : test_login_ddt_003:  Going to Url
2023-06-17 00:58:28,737 : INFO :  Test_Login_DDT : test_login_ddt_003: Enter_UserNamervshinde007@gmail.com
2023-06-17 00:58:28,789 : INFO :  Test_Login_DDT : test_login_ddt_003: Enter_Password007@Ravishinde
2023-06-17 00:58:28,837 : INFO :  Test_Login_DDT : test_login_ddt_003: Click on login Button
2023-06-17 00:58:28,966 : INFO :  Test_Login_DDT : test_login_ddt_003: Enter_UserNamervshinde009@gmail.com
2023-06-17 00:58:29,016 : INFO :  Test_Login_DDT : test_login_ddt_003: Enter_Password007@Ravishinde
2023-06-17 00:58:29,049 : INFO :  Test_Login_DDT : test_login_ddt_003: Click on login Button
2023-06-17 00:58:30,641 : INFO :  Test_Login_DDT : test_login_ddt_003:  Click on menu button 
2023-06-17 00:58:32,402 : INFO :  Test_Login_DDT : test_login_ddt_003:  Click on Logout button 
2023-06-17 01:09:56,684 : INFO :  Test_Login_DDT : test_login_ddt_003:  Opening Browser 
2023-06-17 01:10:01,951 : INFO :  Test_Login_DDT : test_login_ddt_003:  Going to Url
2023-06-17 01:10:02,056 : INFO :  Test_Login_DDT : test_login_ddt_003: Enter_UserNamervshinde007@gmail.com
2023-06-17 01:10:02,108 : INFO :  Test_Login_DDT : test_login_ddt_003: Enter_Password007@Ravishinde
2023-06-17 01:10:02,155 : INFO :  Test_Login_DDT : test_login_ddt_003: Click on login Button
2023-06-17 01:10:04,988 : INFO :  Test_Login_DDT : test_login_ddt_003:  Click on menu button 
2023-06-17 01:10:08,022 : INFO :  Test_Login_DDT : test_login_ddt_003:  Click on Logout button 
2023-06-17 01:10:14,301 : INFO :  Test_Login_DDT : test_login_ddt_003:  Opening Browser 
2023-06-17 01:10:19,340 : INFO :  Test_Login_DDT : test_login_ddt_003:  Going to Url
2023-06-17 01:10:19,452 : INFO :  Test_Login_DDT : test_login_ddt_003: Enter_UserNamervshinde007@gmail.com
2023-06-17 01:10:19,513 : INFO :  Test_Login_DDT : test_login_ddt_003: Enter_Password007@Ravishinde
2023-06-17 01:10:19,568 : INFO :  Test_Login_DDT : test_login_ddt_003: Click on login Button
2023-06-17 01:10:23,099 : INFO :  Test_Login_DDT : test_login_ddt_003:  Click on menu button 
2023-06-17 01:10:26,639 : INFO :  Test_Login_DDT : test_login_ddt_003:  Click on Logout button 
2023-06-17 01:10:32,891 : INFO :  Test_Login_DDT : test_login_ddt_003:  Opening Browser 
2023-06-17 01:10:38,277 : INFO :  Test_Login_DDT : test_login_ddt_003:  Going to Url
2023-06-17 01:10:38,372 : INFO :  Test_Login_DDT : test_login_ddt_003: Enter_UserNamervshinde007@gmail.com
2023-06-17 01:10:38,426 : INFO :  Test_Login_DDT : test_login_ddt_003: Enter_Password007@Ravishinde
2023-06-17 01:10:38,474 : INFO :  Test_Login_DDT : test_login_ddt_003: Click on login Button
2023-06-17 01:10:40,877 : INFO :  Test_Login_DDT : test_login_ddt_003:  Click on menu button 
2023-06-17 01:10:45,457 : INFO :  Test_Login_DDT : test_login_ddt_003:  Click on Logout button 
2023-06-17 01:10:51,787 : INFO :  Test_Login_DDT : test_login_ddt_003:  Opening Browser 
2023-06-17 01:10:59,251 : INFO :  Test_Login_DDT : test_login_ddt_003:  Going to Url
2023-06-17 01:10:59,364 : INFO :  Test_Login_DDT : test_login_ddt_003: Enter_UserNamervshinde007@gmail.com
2023-06-17 01:10:59,419 : INFO :  Test_Login_DDT : test_login_ddt_003: Enter_Password007@Ravishinde
2023-06-17 01:10:59,467 : INFO :  Test_Login_DDT : test_login_ddt_003: Click on login Button
2023-06-17 01:11:02,520 : INFO :  Test_Login_DDT : test_login_ddt_003:  Click on menu button 
2023-06-17 01:11:08,632 : INFO :  Test_Login_DDT : test_login_ddt_003:  Click on Logout button 
2023-06-17 01:40:22,219 : INFO :  Test_Login_DDT : test_login_ddt_003:  Opening Browser 
2023-06-17 01:40:27,210 : INFO :  Test_Login_DDT : test_login_ddt_003:  Going to Url
2023-06-17 01:40:27,626 : INFO :  Test_Login_DDT : test_login_ddt_003: Enter_UserNamervshinde007@gmail.com
2023-06-17 01:40:27,691 : INFO :  Test_Login_DDT : test_login_ddt_003: Enter_Password007@Ravishinde
2023-06-17 01:40:27,743 : INFO :  Test_Login_DDT : test_login_ddt_003: Click on login Button
2023-06-17 01:40:27,894 : INFO :  Test_Login_DDT : test_login_ddt_003: Enter_UserNamervshinde009@gmail.com
2023-06-17 01:40:27,942 : INFO :  Test_Login_DDT : test_login_ddt_003: Enter_Password007@Ravishinde
2023-06-17 01:40:27,975 : INFO :  Test_Login_DDT : test_login_ddt_003: Click on login Button
2023-06-17 01:40:28,452 : INFO :  Test_Url_Login : test_Url_001:  Going to Url
2023-06-17 01:40:28,558 : INFO :  Test_Url_Login : test_Url_001: Enter_UserNamervshinde007@gmail.com
2023-06-17 01:40:28,617 : INFO :  Test_Url_Login : test_Url_001: Enter_Password007@Ravishinde
2023-06-17 01:40:28,664 : INFO :  Test_Url_Login : test_Url_001: Click on login Button
2023-06-17 01:40:29,557 : INFO :  Test_Login_DDT : test_login_ddt_003:  Click on menu button 
2023-06-17 01:40:31,265 : INFO :  Test_Url_Login : test_Url_001:  test_Url_001 is Passed 
2023-06-17 01:40:32,360 : INFO :  Test_Url_Login : test_Url_001:  Click on menu button 
2023-06-17 01:40:33,664 : INFO :  Test_Login_DDT : test_login_ddt_003:  Click on Logout button 
2023-06-17 01:40:35,161 : INFO :  Test_Login_DDT : test_login_ddt_003:  Opening Browser 
2023-06-17 01:40:38,328 : INFO :  Test_Url_Login : test_Url_001:  Click on Logout button 
2023-06-17 01:40:38,370 : INFO :  Test_Url_Login : test_Url_001:  test_Url_001 is completed 
2023-06-17 01:40:40,479 : INFO :  Test_Login_DDT : test_login_ddt_003:  Going to Url
2023-06-17 01:40:40,575 : INFO :  Test_Login_DDT : test_login_ddt_003: Enter_UserNamervshinde007@gmail.com
2023-06-17 01:40:40,628 : INFO :  Test_Login_DDT : test_login_ddt_003: Enter_Password007@Ravishinde
2023-06-17 01:40:40,673 : INFO :  Test_Login_DDT : test_login_ddt_003: Click on login Button
2023-06-17 01:40:40,812 : INFO :  Test_Login_DDT : test_login_ddt_003: Enter_UserNamervshinde009@gmail.com
2023-06-17 01:40:40,887 : INFO :  Test_Login_DDT : test_login_ddt_003: Enter_Password007@Ravishinde
2023-06-17 01:40:40,927 : INFO :  Test_Login_DDT : test_login_ddt_003: Click on login Button
2023-06-17 01:40:41,613 : INFO :  Test_Login_DDT : test_login_ddt_003:  Opening Browser 
2023-06-17 01:40:43,664 : INFO :  Test_Login_DDT : test_login_ddt_003:  Click on menu button 
2023-06-17 01:40:47,487 : INFO :  Test_Login_DDT : test_login_ddt_003:  Click on Logout button 
2023-06-17 01:40:48,737 : INFO :  Test_Login_DDT : test_login_ddt_003:  Going to Url
2023-06-17 01:40:48,812 : INFO :  Test_Login_DDT : test_login_ddt_003:  Opening Browser 
2023-06-17 01:40:48,850 : INFO :  Test_Login_DDT : test_login_ddt_003: Enter_UserNamervshinde007@gmail.com
2023-06-17 01:40:48,908 : INFO :  Test_Login_DDT : test_login_ddt_003: Enter_Password007@Ravishinde
2023-06-17 01:40:48,961 : INFO :  Test_Login_DDT : test_login_ddt_003: Click on login Button
2023-06-17 01:40:49,124 : INFO :  Test_Login_DDT : test_login_ddt_003: Enter_UserNamervshinde009@gmail.com
2023-06-17 01:40:49,179 : INFO :  Test_Login_DDT : test_login_ddt_003: Enter_Password007@Ravishinde
2023-06-17 01:40:49,223 : INFO :  Test_Login_DDT : test_login_ddt_003: Click on login Button
2023-06-17 01:40:52,566 : INFO :  Test_Login_DDT : test_login_ddt_003:  Click on menu button 
2023-06-17 01:40:55,195 : INFO :  Test_Login_DDT : test_login_ddt_003:  Going to Url
2023-06-17 01:40:55,291 : INFO :  Test_Login_DDT : test_login_ddt_003: Enter_UserNamervshinde007@gmail.com
2023-06-17 01:40:55,348 : INFO :  Test_Login_DDT : test_login_ddt_003: Enter_Password007@Ravishinde
2023-06-17 01:40:55,398 : INFO :  Test_Login_DDT : test_login_ddt_003: Click on login Button
2023-06-17 01:40:55,529 : INFO :  Test_Login_DDT : test_login_ddt_003: Enter_UserNamervshinde009@gmail.com
2023-06-17 01:40:55,575 : INFO :  Test_Login_DDT : test_login_ddt_003: Enter_Password007@Ravishinde
2023-06-17 01:40:55,608 : INFO :  Test_Login_DDT : test_login_ddt_003: Click on login Button
2023-06-17 01:40:56,658 : INFO :  Test_Login_DDT : test_login_ddt_003:  Click on Logout button 
2023-06-17 01:40:58,021 : INFO :  Test_Login_Params : test_login_params_002:  Opening Browser 
2023-06-17 01:40:58,908 : INFO :  Test_Login_DDT : test_login_ddt_003:  Click on menu button 
2023-06-17 01:41:02,892 : INFO :  Test_Login_DDT : test_login_ddt_003:  Click on Logout button 
2023-06-17 01:41:04,366 : INFO :  Test_Login_Params : test_login_params_002:  Opening Browser 
2023-06-17 01:41:04,620 : INFO :  Test_Login_Params : test_login_params_002:  Going to Url
2023-06-17 01:41:04,720 : INFO :  Test_Login_Params : test_login_params_002: Enter_UserNamervshinde007@gmail.com
2023-06-17 01:41:04,779 : INFO :  Test_Login_Params : test_login_params_002: Enter_Password007@Ravishinde
2023-06-17 01:41:04,837 : INFO :  Test_Login_Params : test_login_params_002: Click on login Button
2023-06-17 01:41:10,057 : INFO :  Test_Login_Params : test_login_params_002:  Click on menu button 
2023-06-17 01:41:10,702 : INFO :  Test_Login_Params : test_login_params_002:  Going to Url
2023-06-17 01:41:10,784 : INFO :  Test_Login_Params : test_login_params_002: Enter_UserNamervshinde009@gmail.com
2023-06-17 01:41:10,839 : INFO :  Test_Login_Params : test_login_params_002: Enter_Password007@Ravishinde
2023-06-17 01:41:10,887 : INFO :  Test_Login_Params : test_login_params_002: Click on login Button
2023-06-17 01:41:13,034 : INFO :  Test_Login_Params : test_login_params_002:  test_login_params_002 is Passed 
2023-06-17 01:41:13,052 : INFO :  Test_Login_Params : test_login_params_002:  test_login_params_002 is completed 
2023-06-17 01:41:14,727 : INFO :  Test_Login_Params : test_login_params_002:  Click on Logout button 
2023-06-17 01:41:14,727 : INFO :  Test_Login_Params : test_login_params_002:  test_login_params_002 is Passed 
2023-06-17 01:41:14,779 : INFO :  Test_Login_Params : test_login_params_002:  test_login_params_002 is completed 
2023-06-17 01:41:16,355 : INFO :  Test_Login_Params : test_login_params_002:  Opening Browser 
2023-06-17 01:41:18,051 : INFO :  Test_Login_Params : test_login_params_002:  Opening Browser 
2023-06-17 01:41:23,671 : INFO :  Test_Login_Params : test_login_params_002:  Going to Url
2023-06-17 01:41:23,756 : INFO :  Test_Login_Params : test_login_params_002: Enter_UserNamervshinde001@gmail.com
2023-06-17 01:41:23,813 : INFO :  Test_Login_Params : test_login_params_002: Enter_Password006@Ravishinde
2023-06-17 01:41:23,860 : INFO :  Test_Login_Params : test_login_params_002: Click on login Button
2023-06-17 01:41:25,438 : INFO :  Test_Login_Params : test_login_params_002:  Going to Url
2023-06-17 01:41:25,596 : INFO :  Test_Login_Params : test_login_params_002: Enter_UserNamervshinde007@gmail.com
2023-06-17 01:41:25,648 : INFO :  Test_Login_Params : test_login_params_002: Enter_Password001@Ravishinde
2023-06-17 01:41:25,697 : INFO :  Test_Login_Params : test_login_params_002: Click on login Button
2023-06-17 01:41:26,015 : INFO :  Test_Login_Params : test_login_params_002:  test_login_params_002 is Passed 
2023-06-17 01:41:26,033 : INFO :  Test_Login_Params : test_login_params_002:  test_login_params_002 is completed 
2023-06-17 01:41:27,896 : INFO :  Test_Login_Params : test_login_params_002:  test_login_params_002 is Passed 
2023-06-17 01:41:27,912 : INFO :  Test_Login_Params : test_login_params_002:  test_login_params_002 is completed 
2023-06-17 01:44:46,884 : INFO :  Test_Url_Login : test_Url_001:  Opening Browser 
2023-06-17 01:44:53,991 : INFO :  Test_Url_Login : test_Url_001:  Going to Url
2023-06-17 01:44:54,074 : INFO :  Test_Url_Login : test_Url_001: Enter_UserNamervshinde007@gmail.com
2023-06-17 01:44:54,128 : INFO :  Test_Url_Login : test_Url_001: Enter_Password007@Ravishinde
2023-06-17 01:44:54,175 : INFO :  Test_Url_Login : test_Url_001: Click on login Button
2023-06-17 01:44:56,726 : INFO :  Test_Url_Login : test_Url_001:  test_Url_001 is Passed 
2023-06-17 01:44:57,829 : INFO :  Test_Url_Login : test_Url_001:  Click on menu button 
2023-06-17 01:45:02,654 : INFO :  Test_Url_Login : test_Url_001:  Click on Logout button 
2023-06-17 01:45:02,695 : INFO :  Test_Url_Login : test_Url_001:  test_Url_001 is completed 
2023-06-17 01:45:18,143 : INFO :  Test_Url_Login : test_Url_001:  Opening Browser 
2023-06-17 01:45:24,238 : INFO :  Test_Url_Login : test_Url_001:  Going to Url
2023-06-17 01:45:24,348 : INFO :  Test_Url_Login : test_Url_001: Enter_UserNamervshinde007@gmail.com
2023-06-17 01:45:24,401 : INFO :  Test_Url_Login : test_Url_001: Enter_Password007@Ravishinde
2023-06-17 01:45:24,449 : INFO :  Test_Url_Login : test_Url_001: Click on login Button
2023-06-17 01:45:27,709 : INFO :  Test_Url_Login : test_Url_001:  test_Url_001 is Passed 
2023-06-17 01:45:28,826 : INFO :  Test_Url_Login : test_Url_001:  Click on menu button 
2023-06-17 01:45:35,219 : INFO :  Test_Url_Login : test_Url_001:  Click on Logout button 
2023-06-17 01:45:35,236 : INFO :  Test_Url_Login : test_Url_001:  test_Url_001 is completed 
2023-06-17 01:46:31,762 : INFO :  Test_Url_Login : test_Url_001:  Opening Browser 
2023-06-17 01:46:35,032 : INFO :  Test_Url_Login : test_Url_001:  Opening Browser 
2023-06-17 01:46:37,070 : INFO :  Test_Url_Login : test_Url_001:  Going to Url
2023-06-17 01:46:37,156 : INFO :  Test_Url_Login : test_Url_001: Enter_UserNamervshinde007@gmail.com
2023-06-17 01:46:37,210 : INFO :  Test_Url_Login : test_Url_001: Enter_Password007@Ravishinde
2023-06-17 01:46:37,258 : INFO :  Test_Url_Login : test_Url_001: Click on login Button
2023-06-17 01:46:39,863 : INFO :  Test_Url_Login : test_Url_001:  test_Url_001 is Passed 
2023-06-17 01:46:40,842 : INFO :  Test_Url_Login : test_Url_001:  Going to Url
2023-06-17 01:46:40,951 : INFO :  Test_Url_Login : test_Url_001: Enter_UserNamervshinde007@gmail.com
2023-06-17 01:46:40,967 : INFO :  Test_Url_Login : test_Url_001:  Click on menu button 
2023-06-17 01:46:41,010 : INFO :  Test_Url_Login : test_Url_001: Enter_Password007@Ravishinde
2023-06-17 01:46:41,058 : INFO :  Test_Url_Login : test_Url_001: Click on login Button
2023-06-17 01:46:43,685 : INFO :  Test_Url_Login : test_Url_001:  test_Url_001 is Passed 
2023-06-17 01:46:44,793 : INFO :  Test_Url_Login : test_Url_001:  Click on menu button 
2023-06-17 01:46:44,994 : INFO :  Test_Url_Login : test_Url_001:  Click on Logout button 
2023-06-17 01:46:45,029 : INFO :  Test_Url_Login : test_Url_001:  test_Url_001 is completed 
2023-06-17 01:46:49,913 : INFO :  Test_Url_Login : test_Url_001:  Click on Logout button 
2023-06-17 01:46:49,932 : INFO :  Test_Url_Login : test_Url_001:  test_Url_001 is completed 
